TN:
SF:app/layout.tsx
FN:1,(empty-report)
FNF:1
FNH:1
FNDA:1,(empty-report)
DA:2,0
DA:4,0
DA:5,0
DA:6,0
DA:7,0
DA:9,0
DA:10,0
DA:11,0
DA:12,0
DA:13,0
DA:14,0
DA:15,0
DA:17,0
DA:18,0
DA:19,0
DA:20,0
DA:21,0
DA:22,0
DA:23,0
DA:24,0
DA:25,0
DA:26,0
DA:27,0
DA:28,0
DA:29,0
DA:31,0
LF:26
LH:0
BRDA:1,0,0,1
BRF:1
BRH:1
end_of_record
TN:
SF:app/page.tsx
FN:1,(empty-report)
FNF:1
FNH:1
FNDA:1,(empty-report)
DA:3,0
DA:4,0
DA:7,0
DA:8,0
DA:9,0
DA:10,0
DA:12,0
DA:13,0
DA:14,0
DA:15,0
DA:17,0
DA:18,0
DA:19,0
DA:20,0
DA:21,0
DA:22,0
DA:23,0
DA:24,0
DA:25,0
DA:26,0
DA:27,0
DA:28,0
DA:30,0
DA:31,0
DA:32,0
DA:33,0
DA:34,0
DA:35,0
DA:37,0
DA:38,0
DA:39,0
DA:40,0
DA:42,0
DA:43,0
DA:44,0
DA:45,0
DA:46,0
DA:47,0
DA:48,0
DA:50,0
DA:52,0
DA:53,0
DA:55,0
DA:56,0
DA:57,0
DA:58,0
DA:59,0
DA:60,0
DA:63,0
DA:64,0
DA:67,0
DA:68,0
DA:70,0
DA:72,0
DA:73,0
DA:74,0
DA:75,0
DA:76,0
DA:77,0
DA:78,0
DA:79,0
DA:80,0
DA:81,0
DA:82,0
DA:83,0
DA:86,0
DA:87,0
DA:88,0
DA:89,0
DA:90,0
DA:91,0
DA:92,0
DA:93,0
DA:94,0
DA:95,0
DA:96,0
DA:98,0
DA:99,0
DA:100,0
DA:101,0
DA:102,0
DA:103,0
DA:104,0
DA:105,0
DA:108,0
DA:109,0
DA:110,0
DA:112,0
DA:113,0
DA:114,0
DA:115,0
DA:116,0
DA:117,0
DA:118,0
DA:119,0
DA:120,0
DA:121,0
DA:125,0
DA:126,0
DA:127,0
DA:128,0
DA:129,0
DA:130,0
DA:131,0
DA:132,0
DA:133,0
DA:134,0
DA:136,0
DA:137,0
DA:138,0
DA:139,0
DA:140,0
DA:141,0
DA:142,0
DA:143,0
DA:144,0
DA:145,0
DA:146,0
DA:147,0
DA:148,0
DA:149,0
DA:150,0
DA:151,0
DA:152,0
DA:153,0
DA:154,0
DA:155,0
DA:156,0
DA:159,0
DA:160,0
DA:161,0
DA:162,0
DA:163,0
DA:164,0
DA:165,0
DA:166,0
DA:167,0
DA:168,0
DA:169,0
DA:170,0
DA:173,0
DA:174,0
DA:175,0
DA:177,0
DA:178,0
DA:179,0
DA:180,0
DA:181,0
DA:183,0
DA:184,0
DA:185,0
DA:186,0
DA:187,0
DA:188,0
DA:189,0
DA:190,0
DA:191,0
DA:193,0
DA:194,0
DA:195,0
DA:196,0
DA:197,0
DA:199,0
DA:200,0
DA:201,0
DA:202,0
DA:203,0
DA:204,0
DA:207,0
DA:208,0
DA:209,0
DA:210,0
DA:211,0
DA:212,0
DA:215,0
DA:216,0
DA:220,0
DA:221,0
DA:222,0
DA:223,0
DA:225,0
DA:226,0
DA:227,0
DA:228,0
DA:231,0
DA:232,0
DA:233,0
DA:234,0
DA:235,0
DA:236,0
DA:237,0
DA:238,0
DA:239,0
DA:240,0
DA:241,0
DA:242,0
DA:243,0
DA:244,0
DA:245,0
DA:246,0
DA:247,0
DA:248,0
DA:251,0
DA:252,0
DA:253,0
DA:254,0
DA:255,0
DA:256,0
DA:257,0
DA:258,0
DA:259,0
DA:260,0
DA:261,0
DA:262,0
DA:263,0
DA:264,0
DA:266,0
DA:267,0
DA:268,0
DA:269,0
DA:270,0
DA:271,0
DA:272,0
DA:273,0
DA:274,0
DA:275,0
DA:276,0
DA:277,0
DA:278,0
DA:279,0
DA:280,0
DA:281,0
DA:282,0
DA:283,0
DA:284,0
DA:285,0
DA:286,0
DA:287,0
DA:288,0
DA:290,0
LF:240
LH:0
BRDA:1,0,0,1
BRF:1
BRH:1
end_of_record
TN:
SF:app/api/payment/route.ts
FN:1,(empty-report)
FNF:1
FNH:0
FNDA:0,(empty-report)
DA:1,0
DA:2,0
DA:3,0
DA:5,0
DA:6,0
DA:7,0
DA:9,0
DA:10,0
DA:11,0
DA:13,0
DA:14,0
DA:15,0
DA:16,0
DA:18,0
DA:19,0
DA:20,0
DA:22,0
DA:23,0
DA:24,0
DA:25,0
DA:26,0
DA:27,0
DA:28,0
DA:29,0
DA:30,0
DA:31,0
DA:33,0
DA:34,0
DA:35,0
DA:36,0
DA:37,0
DA:38,0
LF:32
LH:0
BRDA:1,0,0,0
BRF:1
BRH:0
end_of_record
TN:
SF:app/api/payment/webhook/route.ts
FN:1,(empty-report)
FNF:1
FNH:0
FNDA:0,(empty-report)
DA:1,0
DA:2,0
DA:3,0
DA:4,0
DA:6,0
DA:7,0
DA:8,0
DA:9,0
DA:11,0
DA:12,0
DA:13,0
DA:15,0
DA:17,0
DA:18,0
DA:24,0
DA:25,0
DA:26,0
DA:27,0
DA:28,0
DA:31,0
DA:32,0
DA:33,0
DA:34,0
DA:35,0
DA:36,0
DA:37,0
DA:38,0
DA:39,0
DA:40,0
DA:43,0
DA:44,0
DA:46,0
DA:47,0
DA:48,0
DA:49,0
DA:50,0
DA:51,0
LF:37
LH:0
BRDA:1,0,0,0
BRF:1
BRH:0
end_of_record
TN:
SF:app/api/report/[id]/route.ts
FN:1,(empty-report)
FNF:1
FNH:0
FNDA:0,(empty-report)
DA:1,0
DA:2,0
DA:3,0
DA:4,0
DA:5,0
DA:6,0
DA:7,0
DA:8,0
DA:9,0
DA:10,0
DA:11,0
DA:12,0
DA:13,0
DA:14,0
DA:15,0
DA:16,0
DA:17,0
DA:18,0
DA:19,0
DA:20,0
DA:21,0
DA:22,0
DA:23,0
DA:24,0
DA:25,0
DA:26,0
DA:27,0
DA:28,0
DA:29,0
DA:30,0
DA:31,0
DA:32,0
DA:33,0
DA:34,0
DA:35,0
DA:36,0
DA:37,0
DA:38,0
DA:39,0
DA:40,0
DA:41,0
DA:42,0
DA:43,0
DA:44,0
DA:45,0
DA:46,0
DA:47,0
DA:48,0
LF:48
LH:0
BRDA:1,0,0,0
BRF:1
BRH:0
end_of_record
TN:
SF:app/api/research/route.ts
FN:1,(empty-report)
FNF:1
FNH:0
FNDA:0,(empty-report)
DA:1,0
DA:2,0
DA:3,0
DA:4,0
DA:6,0
DA:7,0
DA:8,0
DA:9,0
DA:11,0
DA:12,0
DA:13,0
DA:14,0
DA:15,0
DA:16,0
DA:18,0
DA:21,0
DA:22,0
DA:25,0
DA:27,0
DA:28,0
DA:29,0
DA:30,0
DA:31,0
DA:32,0
DA:33,0
DA:34,0
DA:35,0
DA:36,0
DA:37,0
DA:38,0
DA:39,0
LF:31
LH:0
BRDA:1,0,0,0
BRF:1
BRH:0
end_of_record
TN:
SF:app/dashboard/page.tsx
FN:1,(empty-report)
FNF:1
FNH:1
FNDA:1,(empty-report)
DA:3,0
DA:16,0
DA:17,0
DA:18,0
DA:20,0
DA:21,0
DA:22,0
DA:23,0
DA:24,0
DA:25,0
DA:26,0
DA:27,0
DA:28,0
DA:29,0
DA:30,0
DA:31,0
DA:32,0
DA:34,0
DA:35,0
DA:36,0
DA:38,0
DA:39,0
DA:40,0
DA:41,0
DA:42,0
DA:43,0
DA:44,0
DA:46,0
DA:47,0
DA:49,0
DA:50,0
DA:51,0
DA:52,0
DA:53,0
DA:54,0
DA:56,0
DA:57,0
DA:58,0
DA:59,0
DA:60,0
DA:61,0
DA:62,0
DA:63,0
DA:64,0
DA:65,0
DA:66,0
DA:67,0
DA:68,0
DA:69,0
DA:70,0
DA:71,0
DA:72,0
DA:73,0
DA:74,0
DA:76,0
DA:78,0
DA:79,0
DA:80,0
DA:81,0
DA:82,0
DA:84,0
DA:86,0
LF:62
LH:0
BRDA:1,0,0,1
BRF:1
BRH:1
end_of_record
TN:
SF:app/report/[id]/page.tsx
FN:1,(empty-report)
FNF:1
FNH:0
FNDA:0,(empty-report)
DA:1,0
DA:2,0
DA:3,0
DA:4,0
DA:5,0
DA:6,0
DA:7,0
DA:8,0
DA:9,0
DA:10,0
DA:11,0
DA:12,0
DA:13,0
DA:14,0
DA:15,0
DA:16,0
DA:17,0
DA:18,0
DA:19,0
DA:20,0
DA:21,0
DA:22,0
DA:23,0
DA:24,0
DA:25,0
DA:26,0
DA:27,0
DA:28,0
DA:29,0
DA:30,0
DA:31,0
DA:32,0
DA:33,0
DA:34,0
DA:35,0
DA:36,0
DA:37,0
DA:38,0
DA:39,0
DA:40,0
DA:41,0
DA:42,0
DA:43,0
DA:44,0
DA:45,0
DA:46,0
DA:47,0
DA:48,0
DA:49,0
DA:50,0
DA:51,0
DA:52,0
DA:53,0
DA:54,0
DA:55,0
DA:56,0
DA:57,0
DA:58,0
DA:59,0
DA:60,0
DA:61,0
DA:62,0
DA:63,0
DA:64,0
DA:65,0
DA:66,0
DA:67,0
DA:68,0
DA:69,0
DA:70,0
DA:71,0
DA:72,0
DA:73,0
DA:74,0
DA:75,0
DA:76,0
DA:77,0
DA:78,0
DA:79,0
DA:80,0
DA:81,0
DA:82,0
DA:83,0
DA:84,0
DA:85,0
DA:86,0
DA:87,0
DA:88,0
DA:89,0
DA:90,0
DA:91,0
DA:92,0
DA:93,0
DA:94,0
DA:95,0
DA:96,0
DA:97,0
DA:98,0
DA:99,0
DA:100,0
DA:101,0
DA:102,0
DA:103,0
DA:104,0
DA:105,0
DA:106,0
DA:107,0
DA:108,0
DA:109,0
DA:110,0
DA:111,0
DA:112,0
DA:113,0
DA:114,0
DA:115,0
DA:116,0
DA:117,0
DA:118,0
DA:119,0
DA:120,0
DA:121,0
DA:122,0
DA:123,0
DA:124,0
DA:125,0
DA:126,0
DA:127,0
DA:128,0
DA:129,0
DA:130,0
DA:131,0
DA:132,0
DA:133,0
DA:134,0
DA:135,0
DA:136,0
DA:137,0
DA:138,0
DA:139,0
DA:140,0
DA:141,0
DA:142,0
DA:143,0
DA:144,0
DA:145,0
DA:146,0
DA:147,0
DA:148,0
DA:149,0
DA:150,0
DA:151,0
DA:152,0
DA:153,0
DA:154,0
DA:155,0
DA:156,0
DA:157,0
DA:158,0
DA:159,0
DA:160,0
DA:161,0
DA:162,0
DA:163,0
DA:164,0
DA:165,0
DA:166,0
DA:167,0
DA:168,0
DA:169,0
DA:170,0
DA:171,0
DA:172,0
DA:173,0
DA:174,0
DA:175,0
DA:176,0
DA:177,0
DA:178,0
DA:179,0
DA:180,0
DA:181,0
DA:182,0
DA:183,0
DA:184,0
DA:185,0
DA:186,0
DA:187,0
DA:188,0
DA:189,0
DA:190,0
DA:191,0
DA:192,0
DA:193,0
DA:194,0
DA:195,0
DA:196,0
DA:197,0
DA:198,0
DA:199,0
DA:200,0
DA:201,0
DA:202,0
DA:203,0
DA:204,0
DA:205,0
DA:206,0
DA:207,0
DA:208,0
DA:209,0
DA:210,0
DA:211,0
DA:212,0
DA:213,0
DA:214,0
DA:215,0
DA:216,0
DA:217,0
DA:218,0
DA:219,0
DA:220,0
DA:221,0
DA:222,0
DA:223,0
DA:224,0
DA:225,0
DA:226,0
DA:227,0
DA:228,0
DA:229,0
DA:230,0
DA:231,0
DA:232,0
DA:233,0
DA:234,0
DA:235,0
DA:236,0
LF:236
LH:0
BRDA:1,0,0,0
BRF:1
BRH:0
end_of_record
TN:
SF:lib/types.ts
FNF:0
FNH:0
DA:1,1
DA:2,1
DA:3,1
DA:4,1
DA:5,1
DA:6,1
DA:7,1
DA:8,1
DA:9,1
DA:10,1
DA:11,1
DA:15,1
DA:18,1
DA:21,1
DA:24,1
DA:25,1
DA:26,1
DA:27,1
DA:28,1
DA:29,1
DA:30,1
DA:31,1
DA:32,1
DA:35,1
DA:80,1
DA:81,1
DA:82,1
DA:83,1
DA:84,1
DA:85,1
DA:86,1
DA:87,1
DA:88,1
DA:89,1
DA:90,1
DA:92,1
DA:93,1
DA:94,1
DA:95,1
DA:96,1
DA:97,1
DA:98,1
DA:99,1
DA:100,1
DA:101,1
DA:102,1
DA:103,1
DA:104,1
LF:48
LH:48
BRF:0
BRH:0
end_of_record
TN:
SF:lib/validation.ts
FN:6,errorMap
FN:10,__vite_ssr_import_0__.z.object.state.__vite_ssr_import_0__.z.string.length.refine.message
FN:23,validateIntakeForm
FNF:3
FNH:3
FNDA:2,errorMap
FNDA:21,__vite_ssr_import_0__.z.object.state.__vite_ssr_import_0__.z.string.length.refine.message
FNDA:21,validateIntakeForm
DA:1,1
DA:2,1
DA:4,1
DA:5,1
DA:6,1
DA:7,1
DA:8,1
DA:9,1
DA:10,1
DA:11,1
DA:12,1
DA:13,1
DA:14,1
DA:15,1
DA:16,1
DA:17,1
DA:18,1
DA:19,1
DA:23,1
DA:27,21
DA:28,21
DA:29,21
DA:30,15
DA:31,15
DA:32,6
DA:33,6
LF:26
LH:26
BRDA:6,0,0,2
BRDA:10,1,0,21
BRDA:23,2,0,21
BRDA:29,3,0,15
BRDA:31,4,0,6
BRF:5
BRH:5
end_of_record
TN:
SF:lib/billing/stripe.ts
FN:1,(empty-report)
FNF:1
FNH:0
FNDA:0,(empty-report)
DA:1,0
DA:3,0
DA:5,0
DA:6,0
DA:7,0
DA:8,0
DA:9,0
DA:10,0
DA:11,0
DA:12,0
DA:24,0
DA:25,0
DA:26,0
DA:27,0
DA:29,0
DA:30,0
DA:31,0
DA:32,0
DA:34,0
DA:35,0
DA:37,0
DA:38,0
DA:39,0
DA:40,0
DA:41,0
DA:42,0
DA:43,0
DA:44,0
DA:45,0
DA:46,0
DA:47,0
DA:48,0
DA:49,0
DA:50,0
DA:51,0
DA:52,0
DA:53,0
DA:54,0
DA:55,0
DA:56,0
DA:57,0
DA:58,0
DA:59,0
DA:60,0
DA:61,0
DA:62,0
DA:64,0
DA:65,0
DA:66,0
DA:68,0
DA:69,0
DA:70,0
DA:71,0
DA:72,0
DA:73,0
DA:74,0
DA:76,0
DA:77,0
DA:79,0
DA:80,0
DA:81,0
DA:82,0
LF:62
LH:0
BRDA:1,0,0,0
BRF:1
BRH:0
end_of_record
TN:
SF:lib/db/client.ts
FN:35,saveResearchRequest
FN:39,getResearchRequest
FN:43,getResearchRequestByCacheKey
FN:52,updateResearchRequest
FN:62,savePayment
FN:66,getPaymentByReportId
FN:73,markReportPaid
FN:78,getChecklist
FN:82,initializeChecklist
FN:94,updateChecklistItem
FN:107,clearStore
FNF:11
FNH:8
FNDA:3,saveResearchRequest
FNDA:4,getResearchRequest
FNDA:0,getResearchRequestByCacheKey
FNDA:3,updateResearchRequest
FNDA:0,savePayment
FNDA:0,getPaymentByReportId
FNDA:1,markReportPaid
FNDA:2,getChecklist
FNDA:3,initializeChecklist
FNDA:2,updateChecklistItem
FNDA:8,clearStore
DA:8,1
DA:9,1
DA:10,1
DA:11,1
DA:12,1
DA:35,3
DA:36,3
DA:37,3
DA:39,4
DA:40,4
DA:41,4
DA:43,0
DA:44,0
DA:45,0
DA:46,0
DA:47,0
DA:48,0
DA:49,0
DA:50,0
DA:52,3
DA:53,3
DA:54,3
DA:55,3
DA:56,3
DA:57,3
DA:58,2
DA:59,2
DA:62,0
DA:63,0
DA:64,0
DA:66,0
DA:67,0
DA:68,0
DA:69,0
DA:70,0
DA:71,0
DA:73,1
DA:74,1
DA:75,1
DA:78,2
DA:79,2
DA:80,2
DA:82,3
DA:83,3
DA:84,3
DA:85,3
DA:86,3
DA:87,3
DA:88,3
DA:89,3
DA:90,3
DA:91,3
DA:92,3
DA:94,2
DA:95,2
DA:96,2
DA:97,2
DA:98,2
DA:99,2
DA:100,2
DA:101,2
DA:102,1
DA:103,1
DA:104,1
DA:107,1
DA:108,8
DA:109,8
DA:110,8
DA:111,8
LF:69
LH:52
BRDA:35,0,0,3
BRDA:39,1,0,4
BRDA:40,2,0,1
BRDA:52,3,0,3
BRDA:57,4,0,1
BRDA:57,5,0,2
BRDA:73,6,0,1
BRDA:78,7,0,2
BRDA:79,8,0,0
BRDA:82,9,0,3
BRDA:83,10,0,3
BRDA:94,11,0,2
BRDA:99,12,0,0
BRDA:101,13,0,1
BRDA:100,14,0,2
BRDA:107,15,0,8
BRF:16
BRH:14
end_of_record
TN:
SF:lib/research/agent.ts
FN:18,runResearchAgent
FN:71,searchAndExtract
FNF:2
FNH:1
FNDA:38,runResearchAgent
FNDA:0,searchAndExtract
DA:2,1
DA:3,1
DA:4,1
DA:5,1
DA:6,1
DA:7,1
DA:18,38
DA:19,38
DA:20,38
DA:21,38
DA:22,38
DA:25,38
DA:26,38
DA:27,1
DA:28,1
DA:30,37
DA:31,37
DA:32,37
DA:33,37
DA:34,37
DA:35,37
DA:36,37
DA:37,37
DA:38,37
DA:40,37
DA:42,37
DA:45,37
DA:46,38
DA:47,0
DA:48,0
DA:51,37
DA:52,37
DA:53,37
DA:55,37
DA:56,37
DA:57,37
DA:60,37
DA:62,37
DA:63,38
DA:64,0
DA:65,0
DA:66,0
DA:67,0
DA:68,38
DA:71,0
DA:72,0
DA:73,0
DA:74,0
DA:75,0
DA:76,0
DA:77,0
DA:80,0
DA:81,0
DA:82,0
DA:83,0
DA:84,0
DA:85,0
DA:86,0
DA:87,0
DA:88,0
DA:90,0
DA:91,0
DA:92,0
DA:95,0
DA:96,0
DA:97,0
DA:98,0
DA:99,0
DA:100,0
DA:101,0
DA:102,0
DA:103,0
DA:106,0
DA:107,0
DA:108,0
DA:109,0
DA:110,0
DA:111,0
DA:112,0
DA:113,0
DA:114,0
DA:115,0
DA:117,0
DA:118,0
LF:84
LH:38
BRDA:18,0,0,38
BRDA:26,1,0,1
BRDA:28,2,0,37
BRDA:46,3,0,0
BRDA:48,4,0,37
BRDA:63,5,0,0
BRF:6
BRH:4
end_of_record
TN:
SF:lib/research/cache.ts
FN:5,generateCacheKey
FN:24,getCachedResult
FN:34,setCachedResult
FN:41,clearCache
FN:45,getCacheSize
FNF:5
FNH:5
FNDA:47,generateCacheKey
FNDA:40,getCachedResult
FNDA:40,setCachedResult
FNDA:41,clearCache
FNDA:2,getCacheSize
DA:1,1
DA:5,1
DA:6,47
DA:7,47
DA:8,47
DA:9,47
DA:10,47
DA:11,47
DA:12,47
DA:13,47
DA:14,47
DA:16,47
DA:17,47
DA:20,1
DA:22,1
DA:24,1
DA:25,40
DA:26,40
DA:27,40
DA:28,0
DA:29,0
DA:30,0
DA:31,2
DA:32,2
DA:34,1
DA:35,40
DA:36,40
DA:37,40
DA:38,40
DA:39,40
DA:41,1
DA:42,41
DA:43,41
DA:45,1
DA:46,2
DA:47,2
LF:36
LH:33
BRDA:5,0,0,47
BRDA:24,1,0,40
BRDA:26,2,0,39
BRDA:26,3,0,38
BRDA:26,4,0,2
BRDA:27,5,0,0
BRDA:30,6,0,2
BRDA:34,7,0,40
BRDA:41,8,0,41
BRDA:45,9,0,2
BRF:10
BRH:9
end_of_record
TN:
SF:lib/research/extractor.ts
FN:12,extractPermitsFromPage
FN:36,fetchPageContent
FN:66,stripHtml
FN:76,llmExtractPermits
FN:175,validateJurisdiction
FN:180,validateCategory
FN:186,fallbackExtract
FNF:7
FNH:0
FNDA:0,extractPermitsFromPage
FNDA:0,fetchPageContent
FNDA:0,stripHtml
FNDA:0,llmExtractPermits
FNDA:0,validateJurisdiction
FNDA:0,validateCategory
FNDA:0,fallbackExtract
DA:3,1
DA:12,0
DA:13,0
DA:14,0
DA:15,0
DA:16,0
DA:17,0
DA:20,0
DA:21,0
DA:22,0
DA:23,0
DA:26,0
DA:28,0
DA:29,0
DA:30,0
DA:31,0
DA:32,0
DA:33,0
DA:36,0
DA:37,0
DA:38,0
DA:39,0
DA:40,0
DA:41,0
DA:42,0
DA:44,0
DA:45,0
DA:46,0
DA:47,0
DA:49,0
DA:51,0
DA:53,0
DA:54,0
DA:55,0
DA:56,0
DA:58,0
DA:59,0
DA:60,0
DA:61,0
DA:62,0
DA:63,0
DA:66,0
DA:67,0
DA:68,0
DA:69,0
DA:70,0
DA:71,0
DA:72,0
DA:73,0
DA:76,0
DA:77,0
DA:78,0
DA:79,0
DA:80,0
DA:81,0
DA:82,0
DA:83,0
DA:85,0
DA:86,0
DA:88,0
DA:89,0
DA:90,0
DA:91,0
DA:92,0
DA:93,0
DA:94,0
DA:95,0
DA:96,0
DA:97,0
DA:98,0
DA:99,0
DA:100,0
DA:101,0
DA:102,0
DA:103,0
DA:105,0
DA:107,0
DA:121,0
DA:122,0
DA:123,0
DA:124,0
DA:125,0
DA:127,0
DA:128,0
DA:129,0
DA:131,0
DA:132,0
DA:135,0
DA:136,0
DA:138,0
DA:139,0
DA:140,0
DA:141,0
DA:142,0
DA:143,0
DA:144,0
DA:145,0
DA:146,0
DA:147,0
DA:148,0
DA:149,0
DA:150,0
DA:151,0
DA:152,0
DA:153,0
DA:154,0
DA:155,0
DA:156,0
DA:175,0
DA:176,0
DA:177,0
DA:178,0
DA:180,0
DA:181,0
DA:182,0
DA:183,0
DA:186,0
DA:188,0
DA:189,0
DA:190,0
DA:191,0
DA:193,0
DA:195,0
DA:196,0
DA:197,0
DA:198,0
DA:199,0
DA:200,0
DA:201,0
DA:202,0
DA:203,0
DA:204,0
DA:205,0
DA:206,0
DA:207,0
DA:208,0
DA:209,0
DA:210,0
DA:211,0
LF:139
LH:1
BRF:0
BRH:0
end_of_record
TN:
SF:lib/research/index.ts
FN:1,(empty-report)
FNF:1
FNH:0
FNDA:0,(empty-report)
DA:1,0
DA:3,0
DA:4,0
DA:5,0
DA:6,0
DA:13,0
LF:6
LH:0
BRDA:1,0,0,0
BRF:1
BRH:0
end_of_record
TN:
SF:lib/research/searcher.ts
FN:10,buildSearchQueries
FN:43,searchWeb
FN:87,fetchWithRetry
FN:116,prioritizeGovResults
FNF:4
FNH:2
FNDA:5,buildSearchQueries
FNDA:0,searchWeb
FNDA:0,fetchWithRetry
FNDA:2,prioritizeGovResults
DA:1,1
DA:10,1
DA:11,5
DA:12,5
DA:14,5
DA:15,5
DA:16,5
DA:18,5
DA:19,4
DA:20,4
DA:23,5
DA:24,7
DA:25,7
DA:28,5
DA:29,3
DA:30,3
DA:31,2
DA:32,2
DA:33,5
DA:34,1
DA:35,1
DA:36,0
DA:37,0
DA:39,5
DA:40,5
DA:43,0
DA:44,0
DA:45,0
DA:46,0
DA:47,0
DA:48,0
DA:49,0
DA:50,0
DA:52,0
DA:53,0
DA:55,0
DA:56,0
DA:57,0
DA:58,0
DA:59,0
DA:60,0
DA:61,0
DA:63,0
DA:64,0
DA:65,0
DA:67,0
DA:69,0
DA:70,0
DA:71,0
DA:72,0
DA:73,0
DA:74,0
DA:87,0
DA:88,0
DA:89,0
DA:90,0
DA:91,0
DA:92,0
DA:94,0
DA:95,0
DA:96,0
DA:97,0
DA:99,0
DA:100,0
DA:101,0
DA:102,0
DA:103,0
DA:104,0
DA:105,0
DA:106,0
DA:107,0
DA:108,0
DA:109,0
DA:110,0
DA:112,0
DA:113,0
DA:116,1
DA:117,2
DA:118,2
DA:119,2
DA:120,2
LF:81
LH:28
BRDA:10,0,0,5
BRDA:11,1,0,0
BRDA:18,2,0,4
BRDA:23,3,0,7
BRDA:28,4,0,3
BRDA:30,5,0,2
BRDA:33,6,0,2
BRDA:33,7,0,1
BRDA:35,8,0,0
BRDA:116,9,0,2
BRDA:117,10,0,6
BRDA:118,11,0,6
BRF:12
BRH:10
end_of_record
TN:
SF:lib/research/synthesizer.ts
FN:4,deduplicatePermits
FN:28,normalizePermitKey
FN:46,mergePermits
FN:58,scoreAndSortPermits
FN:85,getCategoryBreakdown
FN:94,getJurisdictionBreakdown
FN:103,estimateTotalCost
FN:117,parseCostRange
FNF:8
FNH:8
FNDA:41,deduplicatePermits
FNDA:258,normalizePermitKey
FNDA:3,mergePermits
FNDA:39,scoreAndSortPermits
FNDA:1,getCategoryBreakdown
FNDA:1,getJurisdictionBreakdown
FNDA:3,estimateTotalCost
FNDA:6,parseCostRange
DA:4,1
DA:5,41
DA:7,41
DA:8,258
DA:9,258
DA:11,258
DA:12,255
DA:13,258
DA:15,3
DA:16,3
DA:17,2
DA:18,3
DA:19,1
DA:20,1
DA:21,3
DA:22,258
DA:24,41
DA:25,41
DA:28,258
DA:29,258
DA:30,258
DA:31,258
DA:32,258
DA:35,258
DA:36,258
DA:37,258
DA:38,258
DA:39,67
DA:40,67
DA:42,258
DA:43,258
DA:46,3
DA:47,3
DA:48,3
DA:49,3
DA:50,3
DA:51,3
DA:52,3
DA:53,3
DA:54,3
DA:55,3
DA:58,1
DA:59,39
DA:61,344
DA:62,344
DA:63,344
DA:66,341
DA:67,341
DA:68,341
DA:71,198
DA:72,198
DA:73,198
DA:74,198
DA:75,198
DA:76,198
DA:77,198
DA:78,198
DA:79,198
DA:80,344
DA:81,39
DA:82,39
DA:85,1
DA:86,1
DA:87,1
DA:88,4
DA:89,4
DA:90,1
DA:91,1
DA:94,1
DA:95,1
DA:96,1
DA:97,4
DA:98,4
DA:99,1
DA:100,1
DA:103,1
DA:104,3
DA:105,3
DA:107,3
DA:108,6
DA:109,6
DA:110,6
DA:111,6
DA:113,3
DA:114,3
DA:117,6
DA:118,6
DA:119,6
DA:121,4
DA:122,6
DA:124,4
DA:125,6
DA:126,1
DA:127,1
LF:94
LH:94
BRDA:4,0,0,41
BRDA:7,1,0,258
BRDA:11,2,0,255
BRDA:13,3,0,3
BRDA:16,4,0,2
BRDA:18,5,0,1
BRDA:28,6,0,258
BRDA:38,7,0,67
BRDA:46,8,0,3
BRDA:49,9,0,2
BRDA:49,10,0,1
BRDA:50,11,0,2
BRDA:50,12,0,1
BRDA:51,13,0,0
BRDA:52,14,0,0
BRDA:53,15,0,0
BRDA:58,16,0,39
BRDA:59,17,0,344
BRDA:63,18,0,341
BRDA:63,19,0,3
BRDA:68,20,0,143
BRDA:68,21,0,338
BRDA:68,22,0,198
BRDA:80,23,0,0
BRDA:80,24,0,0
BRDA:85,25,0,1
BRDA:87,26,0,4
BRDA:88,27,0,3
BRDA:94,28,0,1
BRDA:96,29,0,4
BRDA:97,30,0,3
BRDA:103,31,0,3
BRDA:107,32,0,6
BRDA:117,33,0,6
BRDA:118,34,0,1
BRDA:118,35,0,5
BRDA:119,36,0,1
BRDA:119,37,0,4
BRDA:122,38,0,0
BRDA:122,39,0,4
BRDA:125,40,0,3
BRDA:125,41,0,1
BRDA:124,42,0,5
BRF:43
BRH:37
end_of_record
TN:
SF:lib/research/templates.ts
FN:4,makePermit
FN:9,federalPermits
FN:29,stateRegistrationPermits
FN:57,stateTaxPermits
FN:102,employerPermits
FN:130,industryPermits
FN:160,getTemplatePermits
FNF:7
FNH:7
FNDA:485,makePermit
FNDA:67,federalPermits
FNDA:67,stateRegistrationPermits
FNDA:67,stateTaxPermits
FNDA:67,employerPermits
FNDA:67,industryPermits
FNDA:67,getTemplatePermits
DA:2,1
DA:4,485
DA:5,485
DA:6,485
DA:9,67
DA:10,67
DA:11,67
DA:12,67
DA:13,67
DA:14,67
DA:15,67
DA:16,67
DA:17,67
DA:18,67
DA:19,67
DA:20,67
DA:21,67
DA:22,67
DA:23,67
DA:24,67
DA:25,67
DA:26,67
DA:29,67
DA:30,67
DA:31,67
DA:33,67
DA:34,67
DA:35,67
DA:36,67
DA:37,67
DA:38,0
DA:39,67
DA:40,67
DA:41,67
DA:42,67
DA:43,67
DA:44,67
DA:45,67
DA:46,67
DA:47,67
DA:48,67
DA:49,67
DA:50,67
DA:51,67
DA:53,67
DA:54,67
DA:57,67
DA:58,67
DA:59,67
DA:61,67
DA:62,47
DA:63,47
DA:64,47
DA:65,47
DA:66,47
DA:67,47
DA:68,47
DA:69,47
DA:70,47
DA:71,47
DA:72,47
DA:73,47
DA:74,47
DA:75,47
DA:76,47
DA:77,47
DA:80,67
DA:81,29
DA:82,29
DA:83,29
DA:84,29
DA:85,29
DA:86,29
DA:87,29
DA:88,29
DA:89,29
DA:90,29
DA:91,29
DA:92,29
DA:93,29
DA:94,29
DA:95,29
DA:96,29
DA:98,67
DA:99,67
DA:102,67
DA:103,67
DA:105,49
DA:106,49
DA:108,49
DA:109,49
DA:110,49
DA:111,49
DA:112,49
DA:113,49
DA:114,49
DA:115,49
DA:116,49
DA:117,49
DA:118,49
DA:119,49
DA:120,49
DA:121,49
DA:122,49
DA:123,49
DA:124,49
DA:126,49
DA:127,49
DA:130,67
DA:131,67
DA:132,67
DA:134,67
DA:135,67
DA:137,226
DA:138,226
DA:139,226
DA:140,226
DA:141,226
DA:142,226
DA:143,226
DA:144,226
DA:145,226
DA:146,226
DA:147,226
DA:148,226
DA:149,226
DA:150,226
DA:151,226
DA:152,226
DA:153,226
DA:154,67
DA:156,67
DA:157,67
DA:160,1
DA:161,67
DA:162,67
DA:163,67
DA:164,67
DA:165,67
DA:166,67
DA:167,67
DA:168,67
DA:179,1
DA:180,1
DA:181,1
DA:182,1
DA:183,1
DA:184,1
DA:185,1
DA:186,1
DA:187,1
DA:188,1
DA:189,1
DA:190,1
DA:191,1
DA:192,1
DA:193,1
DA:194,1
DA:195,1
DA:196,1
DA:197,1
DA:198,1
DA:200,1
DA:201,1
DA:202,1
DA:203,1
DA:204,1
DA:206,1
DA:207,1
DA:208,1
DA:209,1
DA:211,1
DA:212,1
DA:213,1
DA:214,1
DA:215,1
DA:216,1
DA:217,1
DA:218,1
DA:219,1
DA:220,1
DA:221,1
DA:222,1
DA:223,1
DA:224,1
DA:225,1
DA:226,1
DA:227,1
DA:243,1
DA:244,1
DA:245,1
DA:246,1
DA:247,1
DA:248,1
DA:249,1
DA:250,1
DA:251,1
DA:252,1
DA:253,1
DA:254,1
DA:255,1
DA:256,1
DA:257,1
DA:258,1
DA:259,1
DA:260,1
DA:261,1
DA:262,1
DA:263,1
DA:264,1
DA:265,1
DA:266,1
DA:267,1
DA:268,1
DA:269,1
DA:270,1
DA:271,1
DA:272,1
DA:273,1
DA:274,1
DA:275,1
DA:276,1
DA:277,1
DA:278,1
DA:279,1
DA:280,1
DA:281,1
DA:282,1
DA:283,1
DA:284,1
DA:285,1
DA:286,1
DA:287,1
DA:288,1
DA:289,1
DA:290,1
DA:291,1
DA:292,1
DA:293,1
DA:294,1
DA:295,1
DA:296,1
DA:297,1
DA:298,1
DA:299,1
DA:300,1
DA:301,1
DA:302,1
DA:303,1
DA:304,1
DA:305,1
DA:306,1
DA:307,1
DA:308,1
DA:309,1
DA:310,1
DA:311,1
DA:312,1
DA:313,1
DA:314,1
DA:315,1
DA:316,1
DA:317,1
DA:318,1
DA:319,1
DA:320,1
DA:321,1
DA:322,1
DA:323,1
DA:324,1
DA:325,1
DA:326,1
DA:327,1
DA:328,1
DA:329,1
DA:330,1
DA:331,1
DA:332,1
DA:333,1
DA:334,1
DA:335,1
DA:336,1
DA:337,1
DA:338,1
DA:339,1
DA:340,1
DA:341,1
DA:342,1
DA:343,1
DA:344,1
DA:345,1
DA:346,1
DA:347,1
DA:348,1
DA:349,1
DA:350,1
DA:351,1
DA:352,1
DA:353,1
DA:354,1
DA:355,1
DA:356,1
DA:357,1
DA:358,1
DA:359,1
DA:360,1
DA:361,1
DA:362,1
DA:363,1
DA:364,1
DA:365,1
DA:366,1
DA:367,1
DA:368,1
DA:369,1
DA:370,1
DA:371,1
DA:372,1
DA:373,1
DA:374,1
DA:375,1
DA:376,1
LF:322
LH:321
BRDA:4,0,0,485
BRDA:9,1,0,67
BRDA:29,2,0,67
BRDA:33,3,0,0
BRDA:37,4,0,0
BRDA:37,5,0,0
BRDA:39,6,0,0
BRDA:41,7,0,0
BRDA:42,8,0,0
BRDA:44,9,0,0
BRDA:57,10,0,67
BRDA:61,11,0,47
BRDA:64,12,0,0
BRDA:65,13,0,0
BRDA:67,14,0,0
BRDA:80,15,0,29
BRDA:102,16,0,67
BRDA:103,17,0,18
BRDA:103,18,0,49
BRDA:130,19,0,67
BRDA:135,20,0,226
BRDA:137,21,0,98
BRDA:140,22,0,91
BRDA:140,23,0,135
BRDA:141,24,0,91
BRDA:141,25,0,135
BRDA:143,26,0,91
BRDA:143,27,0,135
BRDA:144,28,0,91
BRDA:144,29,0,173
BRDA:160,30,0,67
BRF:31
BRH:21
end_of_record
